Devpmms/app/build/outputs/logs/manifest-merger-debug-report.txt
-- Merging decision tree log ---
manifest
ADDED from src/main/AndroidManifest.xml:17:1-603:12
INJECTED from src/main/AndroidManifest.xml:17:1-603:12
MERGED from [NaviTts.aar] AndroidManifest.xml:2:1-5:12
MERGED from [onsdk_all.aar] AndroidManifest.xml:3:1-12:12
MERGED from [com.android.support:support-v13:27.1.1] AndroidManifest.xml:17:1-22:12
MERGED from [com.android.support:recyclerview-v7:27.1.1] AndroidManifest.xml:17:1-22:12
MERGED from [com.android.support:palette-v7:27.1.1] AndroidManifest.xml:17:1-22:12
MERGED from [:chips] AndroidManifest.xml:17:1-23:12
MERGED from [:photoviewer] AndroidManifest.xml:18:1-24:12
MERGED from [com.android.support:support-v4:27.1.1] AndroidManifest.xml:17:1-22:12
MERGED from [com.android.support:appcompat-v7:27.1.1] AndroidManifest.xml:17:1-22:12
MERGED from [com.android.support:support-fragment:27.1.1] AndroidManifest.xml:17:1-22:12
MERGED from [com.android.support:animated-vector-drawable:27.1.1] AndroidManifest.xml:17:1-22:12
MERGED from [com.android.support:support-core-ui:27.1.1] AndroidManifest.xml:17:1-22:12
MERGED from [com.android.support:support-core-utils:27.1.1] AndroidManifest.xml:17:1-22:12
MERGED from [com.android.support:support-media-compat:27.1.1] AndroidManifest.xml:17:1-22:12
MERGED from [com.android.support:support-vector-drawable:27.1.1] AndroidManifest.xml:17:1-22:12
MERGED from [com.android.support:support-compat:27.1.1] AndroidManifest.xml:17:1-22:12
MERGED from [com.huawei.android.hms:iap:2.6.3.301] AndroidManifest.xml:2:1-9:12
MERGED from [com.huawei.android.hms:hwid:2.6.3.301] AndroidManifest.xml:2:1-9:12
MERGED from [android.arch.lifecycle:runtime:1.1.0] AndroidManifest.xml:17:1-22:12
MERGED from [com.huawei.android.hms:base:2.6.3.301] AndroidManifest.xml:2:1-23:12
MERGED from [android.arch.lifecycle:livedata-core:1.1.0] AndroidManifest.xml:17:1-22:12
MERGED from [android.arch.core:runtime:1.1.0] AndroidManifest.xml:17:1-22:12
MERGED from [android.arch.lifecycle:viewmodel:1.1.0] AndroidManifest.xml:17:1-22:12
INJECTED from src/main/AndroidManifest.xml:17:1-603:12
	package
		ADDED from src/main/AndroidManifest.xml:18:5-36
		INJECTED from src/main/AndroidManifest.xml
		INJECTED from src/main/AndroidManifest.xml
	xmlns:android
		ADDED from src/main/AndroidManifest.xml:17:11-69
	android:installLocation
		ADDED from src/main/AndroidManifest.xml:19:5-43
uses-permission#android.permission.WAKE_LOCK
ADDED from src/main/AndroidManifest.xml:23:5-68
	android:name
		ADDED from src/main/AndroidManifest.xml:23:22-65
uses-permission#android.permission.READ_SMS
ADDED from src/main/AndroidManifest.xml:25:5-66
	android:name
		ADDED from src/main/AndroidManifest.xml:25:22-64
uses-permission#android.permission.WRITE_SMS
ADDED from src/main/AndroidManifest.xml:26:5-67
	android:name
		ADDED from src/main/AndroidManifest.xml:26:22-65
uses-permission#android.permission.RECEIVE_SMS
ADDED from src/main/AndroidManifest.xml:27:5-69
	android:name
		ADDED from src/main/AndroidManifest.xml:27:22-67
uses-permission#android.permission.RECEIVE_MMS
ADDED from src/main/AndroidManifest.xml:28:5-69
	android:name
		ADDED from src/main/AndroidManifest.xml:28:22-67
uses-permission#android.permission.SEND_SMS
ADDED from src/main/AndroidManifest.xml:29:5-66
	android:name
		ADDED from src/main/AndroidManifest.xml:29:22-64
uses-permission#android.permission.INTERNET
ADDED from src/main/AndroidManifest.xml:31:5-67
	android:name
		ADDED from src/main/AndroidManifest.xml:31:22-64
uses-permission#android.permission.ACCESS_NETWORK_STATE
ADDED from src/main/AndroidManifest.xml:32:5-78
	android:name
		ADDED from src/main/AndroidManifest.xml:32:22-76
uses-permission#android.permission.CHANGE_NETWORK_STATE
ADDED from src/main/AndroidManifest.xml:33:5-79
	android:name
		ADDED from src/main/AndroidManifest.xml:33:22-76
uses-permission#android.permission.READ_CONTACTS
ADDED from src/main/AndroidManifest.xml:35:5-71
	android:name
		ADDED from src/main/AndroidManifest.xml:35:22-69
uses-permission#android.permission.WRITE_CONTACTS
ADDED from src/main/AndroidManifest.xml:36:5-72
	android:name
		ADDED from src/main/AndroidManifest.xml:36:22-70
uses-permission#android.permission.READ_PROFILE
ADDED from src/main/AndroidManifest.xml:38:5-70
	android:name
		ADDED from src/main/AndroidManifest.xml:38:22-68
uses-permission#android.permission.VIBRATE
ADDED from src/main/AndroidManifest.xml:39:5-65
	android:name
		ADDED from src/main/AndroidManifest.xml:39:22-63
uses-permission#android.permission.READ_PHONE_STATE
ADDED from src/main/AndroidManifest.xml:40:5-74
	android:name
		ADDED from src/main/AndroidManifest.xml:40:22-72
uses-permission#android.permission.CAMERA
ADDED from src/main/AndroidManifest.xml:42:5-65
	android:name
		ADDED from src/main/AndroidManifest.xml:42:22-62
uses-permission#android.permission.WRITE_EXTERNAL_STORAGE
ADDED from src/main/AndroidManifest.xml:43:5-80
	android:name
		ADDED from src/main/AndroidManifest.xml:43:22-78
uses-permission#android.permission.READ_EXTERNAL_STORAGE
ADDED from src/main/AndroidManifest.xml:44:5-79
	android:name
		ADDED from src/main/AndroidManifest.xml:44:22-77
uses-permission#android.permission.RECORD_AUDIO
ADDED from src/main/AndroidManifest.xml:45:5-71
	android:name
		ADDED from src/main/AndroidManifest.xml:45:22-68
uses-permission#android.permission.CALL_PHONE
ADDED from src/main/AndroidManifest.xml:46:5-69
	android:name
		ADDED from src/main/AndroidManifest.xml:46:22-66
uses-permission#android.permission.DOWNLOAD_WITHOUT_NOTIFICATION
ADDED from src/main/AndroidManifest.xml:47:5-88
	android:name
		ADDED from src/main/AndroidManifest.xml:47:22-85
uses-permission#android.permission.RECEIVE_BOOT_COMPLETED
ADDED from src/main/AndroidManifest.xml:48:5-81
	android:name
		ADDED from src/main/AndroidManifest.xml:48:22-78
uses-permission#android.permission.ACCESS_COARSE_LOCATION
ADDED from src/main/AndroidManifest.xml:51:5-80
	android:name
		ADDED from src/main/AndroidManifest.xml:51:22-78
uses-permission#android.permission.ACCESS_FINE_LOCATION
ADDED from src/main/AndroidManifest.xml:52:5-78
	android:name
		ADDED from src/main/AndroidManifest.xml:52:22-76
uses-permission#android.permission.ACCESS_WIFI_STATE
ADDED from src/main/AndroidManifest.xml:53:5-75
	android:name
		ADDED from src/main/AndroidManifest.xml:53:22-73
uses-permission#android.permission.CHANGE_WIFI_STATE
ADDED from src/main/AndroidManifest.xml:54:5-75
	android:name
		ADDED from src/main/AndroidManifest.xml:54:22-73
uses-permission#android.permission.WRITE_SETTINGS
ADDED from src/main/AndroidManifest.xml:55:5-72
	android:name
		ADDED from src/main/AndroidManifest.xml:55:22-70
uses-permission#android.permission.USE_CREDENTIALS
ADDED from src/main/AndroidManifest.xml:56:5-74
	android:name
		ADDED from src/main/AndroidManifest.xml:56:22-71
uses-permission#android.permission.GET_TASKS
ADDED from src/main/AndroidManifest.xml:57:5-68
	android:name
		ADDED from src/main/AndroidManifest.xml:57:22-65
uses-permission#com.xiaomi.sdk.permission.PAYMENT
ADDED from src/main/AndroidManifest.xml:59:5-73
	android:name
		ADDED from src/main/AndroidManifest.xml:59:22-70
uses-permission#android.permission.GET_ACCOUNTS
ADDED from src/main/AndroidManifest.xml:60:5-71
	android:name
		ADDED from src/main/AndroidManifest.xml:60:22-68
uses-permission#com.xiaomi.permission.AUTH_SERVICE
ADDED from src/main/AndroidManifest.xml:61:5-74
	android:name
		ADDED from src/main/AndroidManifest.xml:61:22-71
uses-feature#android.hardware.camera
ADDED from src/main/AndroidManifest.xml:64:5-85
	android:required
		ADDED from src/main/AndroidManifest.xml:64:58-82
	android:name
		ADDED from src/main/AndroidManifest.xml:64:19-57
uses-feature#android.hardware.camera.front
ADDED from src/main/AndroidManifest.xml:65:5-91
	android:required
		ADDED from src/main/AndroidManifest.xml:65:64-88
	android:name
		ADDED from src/main/AndroidManifest.xml:65:19-63
uses-feature#android.hardware.camera.autofocus
ADDED from src/main/AndroidManifest.xml:66:5-95
	android:required
		ADDED from src/main/AndroidManifest.xml:66:68-92
	android:name
		ADDED from src/main/AndroidManifest.xml:66:19-67
uses-feature#android.hardware.microphone
ADDED from src/main/AndroidManifest.xml:67:5-89
	android:required
		ADDED from src/main/AndroidManifest.xml:67:62-86
	android:name
		ADDED from src/main/AndroidManifest.xml:67:19-61
uses-feature#android.hardware.screen.portrait
ADDED from src/main/AndroidManifest.xml:68:5-94
	android:required
		ADDED from src/main/AndroidManifest.xml:68:67-91
	android:name
		ADDED from src/main/AndroidManifest.xml:68:19-66
application
ADDED from src/main/AndroidManifest.xml:70:5-601:19
MERGED from [:chips] AndroidManifest.xml:21:5-20
MERGED from [:chips] AndroidManifest.xml:21:5-20
MERGED from [:photoviewer] AndroidManifest.xml:22:5-20
MERGED from [:photoviewer] AndroidManifest.xml:22:5-20
MERGED from [com.huawei.android.hms:base:2.6.3.301] AndroidManifest.xml:9:5-21:19
MERGED from [com.huawei.android.hms:base:2.6.3.301] AndroidManifest.xml:9:5-21:19
	android:supportsRtl
		ADDED from src/main/AndroidManifest.xml:76:9-35
	android:label
		ADDED from src/main/AndroidManifest.xml:74:9-41
	android:icon
		ADDED from src/main/AndroidManifest.xml:73:9-45
	android:allowBackup
		ADDED from src/main/AndroidManifest.xml:72:9-36
	android:theme
		ADDED from src/main/AndroidManifest.xml:75:9-42
	android:name
		ADDED from src/main/AndroidManifest.xml:71:9-62
meta-data#com.baidu.lbsapi.API_KEY
ADDED from src/main/AndroidManifest.xml:78:9-80:63
	android:value
		ADDED from src/main/AndroidManifest.xml:80:13-61
	android:name
		ADDED from src/main/AndroidManifest.xml:79:13-52
meta-data#vivo_union_sdk
ADDED from src/main/AndroidManifest.xml:81:9-83:39
	android:value
		ADDED from src/main/AndroidManifest.xml:83:13-36
	android:name
		ADDED from src/main/AndroidManifest.xml:82:13-42
activity#com.android.messaging.ui.conversationlist.ConversationListActivity
ADDED from src/main/AndroidManifest.xml:86:9-98:20
	android:screenOrientation
		ADDED from src/main/AndroidManifest.xml:89:13-45
	android:label
		ADDED from src/main/AndroidManifest.xml:90:13-45
	android:configChanges
		ADDED from src/main/AndroidManifest.xml:88:13-74
	android:theme
		ADDED from src/main/AndroidManifest.xml:91:13-71
	android:name
		ADDED from src/main/AndroidManifest.xml:87:13-73
intent-filter#action:name:android.intent.action.MAIN+category:name:android.intent.category.APP_MESSAGING+category:name:android.intent.category.DEFAULT+category:name:android.intent.category.LAUNCHER
ADDED from src/main/AndroidManifest.xml:92:13-97:29
action#android.intent.action.MAIN
ADDED from src/main/AndroidManifest.xml:93:17-69
	android:name
		ADDED from src/main/AndroidManifest.xml:93:25-66
category#android.intent.category.LAUNCHER
ADDED from src/main/AndroidManifest.xml:94:17-77
	android:name
		ADDED from src/main/AndroidManifest.xml:94:27-74
category#android.intent.category.DEFAULT
ADDED from src/main/AndroidManifest.xml:95:17-76
	android:name
		ADDED from src/main/AndroidManifest.xml:95:27-73
category#android.intent.category.APP_MESSAGING
ADDED from src/main/AndroidManifest.xml:96:17-82
	android:name
		ADDED from src/main/AndroidManifest.xml:96:27-79
activity#com.android.messaging.ui.PermissionCheckActivity
ADDED from src/main/AndroidManifest.xml:100:9-103:77
	android:screenOrientation
		ADDED from src/main/AndroidManifest.xml:102:13-49
	android:configChanges
		ADDED from src/main/AndroidManifest.xml:103:13-74
	android:name
		ADDED from src/main/AndroidManifest.xml:101:13-55
activity#com.android.messaging.ui.conversation.LaunchConversationActivity
ADDED from src/main/AndroidManifest.xml:106:9-129:20
	android:screenOrientation
		ADDED from src/main/AndroidManifest.xml:109:13-45
	android:noHistory
		ADDED from src/main/AndroidManifest.xml:111:13-37
	android:configChanges
		ADDED from src/main/AndroidManifest.xml:108:13-74
	android:documentLaunchMode
		ADDED from src/main/AndroidManifest.xml:112:13-48
	android:theme
		ADDED from src/main/AndroidManifest.xml:110:13-45
	android:name
		ADDED from src/main/AndroidManifest.xml:107:13-71
intent-filter#action:name:android.intent.action.SENDTO+action:name:android.intent.action.VIEW+category:name:android.intent.category.BROWSABLE+category:name:android.intent.category.DEFAULT+data:scheme:sms+data:scheme:smsto
ADDED from src/main/AndroidManifest.xml:113:13-120:29
action#android.intent.action.VIEW
ADDED from src/main/AndroidManifest.xml:114:17-69
	android:name
		ADDED from src/main/AndroidManifest.xml:114:25-66
action#android.intent.action.SENDTO
ADDED from src/main/AndroidManifest.xml:115:17-71
	android:name
		ADDED from src/main/AndroidManifest.xml:115:25-68
category#android.intent.category.BROWSABLE
ADDED from src/main/AndroidManifest.xml:117:17-78
	android:name
		ADDED from src/main/AndroidManifest.xml:117:27-75
data
ADDED from src/main/AndroidManifest.xml:118:17-46
	android:path
		ADDED from src/main/AndroidManifest.xml:590:21-45
	android:host
		ADDED from src/main/AndroidManifest.xml:589:21-50
	android:scheme
		ADDED from src/main/AndroidManifest.xml:118:23-43
	android:mimeType
		ADDED from src/main/AndroidManifest.xml:233:23-52
intent-filter#action:name:android.intent.action.SENDTO+action:name:android.intent.action.VIEW+category:name:android.intent.category.BROWSABLE+category:name:android.intent.category.DEFAULT+data:scheme:mms+data:scheme:mmsto
ADDED from src/main/AndroidManifest.xml:121:13-128:29
activity#com.android.messaging.ui.conversationlist.ArchivedConversationListActivity
ADDED from src/main/AndroidManifest.xml:132:9-142:20
	android:screenOrientation
		ADDED from src/main/AndroidManifest.xml:135:13-45
	android:parentActivityName
		ADDED from src/main/AndroidManifest.xml:138:13-108
	android:label
		ADDED from src/main/AndroidManifest.xml:136:13-60
	android:configChanges
		ADDED from src/main/AndroidManifest.xml:134:13-74
	android:theme
		ADDED from src/main/AndroidManifest.xml:137:13-79
	android:name
		ADDED from src/main/AndroidManifest.xml:133:13-81
meta-data#android.support.PARENT_ACTIVITY
ADDED from src/main/AndroidManifest.xml:139:13-141:102
	android:value
		ADDED from src/main/AndroidManifest.xml:141:17-99
	android:name
		ADDED from src/main/AndroidManifest.xml:140:17-63
activity#com.android.messaging.ui.conversation.ConversationActivity
ADDED from src/main/AndroidManifest.xml:145:9-155:20
	android:screenOrientation
		ADDED from src/main/AndroidManifest.xml:148:13-45
	android:parentActivityName
		ADDED from src/main/AndroidManifest.xml:151:13-108
	android:windowSoftInputMode
		ADDED from src/main/AndroidManifest.xml:149:13-67
	android:configChanges
		ADDED from src/main/AndroidManifest.xml:147:13-74
	android:theme
		ADDED from src/main/AndroidManifest.xml:150:13-67
	android:name
		ADDED from src/main/AndroidManifest.xml:146:13-65
activity#com.android.messaging.ui.BlockedParticipantsActivity
ADDED from src/main/AndroidManifest.xml:158:9-168:20
	android:screenOrientation
		ADDED from src/main/AndroidManifest.xml:161:13-45
	android:parentActivityName
		ADDED from src/main/AndroidManifest.xml:164:13-108
	android:label
		ADDED from src/main/AndroidManifest.xml:162:13-59
	android:configChanges
		ADDED from src/main/AndroidManifest.xml:160:13-74
	android:theme
		ADDED from src/main/AndroidManifest.xml:163:13-46
	android:name
		ADDED from src/main/AndroidManifest.xml:159:13-59
activity#com.android.messaging.ui.photoviewer.BuglePhotoViewActivity
ADDED from src/main/AndroidManifest.xml:171:9-177:11
	android:screenOrientation
		ADDED from src/main/AndroidManifest.xml:175:13-45
	android:label
		ADDED from src/main/AndroidManifest.xml:173:13-62
	android:configChanges
		ADDED from src/main/AndroidManifest.xml:174:13-74
	android:theme
		ADDED from src/main/AndroidManifest.xml:176:13-55
	android:name
		ADDED from src/main/AndroidManifest.xml:172:13-66
activity#com.android.messaging.ui.appsettings.SettingsActivity
ADDED from src/main/AndroidManifest.xml:180:9-190:20
	android:screenOrientation
		ADDED from src/main/AndroidManifest.xml:185:13-45
	android:parentActivityName
		ADDED from src/main/AndroidManifest.xml:186:13-108
	android:label
		ADDED from src/main/AndroidManifest.xml:182:13-60
	android:configChanges
		ADDED from src/main/AndroidManifest.xml:184:13-74
	android:theme
		ADDED from src/main/AndroidManifest.xml:183:13-63
	android:name
		ADDED from src/main/AndroidManifest.xml:181:13-60
activity#com.android.messaging.ui.appsettings.PerSubscriptionSettingsActivity
ADDED from src/main/AndroidManifest.xml:192:9-202:20
	android:screenOrientation
		ADDED from src/main/AndroidManifest.xml:197:13-45
	android:parentActivityName
		ADDED from src/main/AndroidManifest.xml:198:13-95
	android:label
		ADDED from src/main/AndroidManifest.xml:194:13-69
	android:configChanges
		ADDED from src/main/AndroidManifest.xml:196:13-74
	android:theme
		ADDED from src/main/AndroidManifest.xml:195:13-63
	android:name
		ADDED from src/main/AndroidManifest.xml:193:13-75
activity#com.android.messaging.ui.appsettings.ApplicationSettingsActivity
ADDED from src/main/AndroidManifest.xml:204:9-219:20
	android:screenOrientation
		ADDED from src/main/AndroidManifest.xml:209:13-45
	android:parentActivityName
		ADDED from src/main/AndroidManifest.xml:210:13-95
	android:label
		ADDED from src/main/AndroidManifest.xml:206:13-68
	android:configChanges
		ADDED from src/main/AndroidManifest.xml:208:13-74
	android:theme
		ADDED from src/main/AndroidManifest.xml:207:13-63
	android:name
		ADDED from src/main/AndroidManifest.xml:205:13-71
intent-filter#action:name:android.intent.action.MAIN+category:name:android.intent.category.DEFAULT+category:name:android.intent.category.NOTIFICATION_PREFERENCES
ADDED from src/main/AndroidManifest.xml:214:13-218:29
category#android.intent.category.NOTIFICATION_PREFERENCES
ADDED from src/main/AndroidManifest.xml:217:17-93
	android:name
		ADDED from src/main/AndroidManifest.xml:217:27-90
activity#com.android.messaging.ui.conversationlist.ShareIntentActivity
ADDED from src/main/AndroidManifest.xml:222:9-246:20
	android:screenOrientation
		ADDED from src/main/AndroidManifest.xml:225:13-45
	android:excludeFromRecents
		ADDED from src/main/AndroidManifest.xml:227:13-46
	android:configChanges
		ADDED from src/main/AndroidManifest.xml:224:13-74
	android:documentLaunchMode
		ADDED from src/main/AndroidManifest.xml:228:13-48
	android:theme
		ADDED from src/main/AndroidManifest.xml:226:13-61
	android:name
		ADDED from src/main/AndroidManifest.xml:223:13-68
intent-filter#action:name:android.intent.action.SEND+category:name:android.intent.category.DEFAULT+data:mimeType:application/ogg+data:mimeType:audio/*+data:mimeType:image/*+data:mimeType:text/plain+data:mimeType:text/x-vCard+data:mimeType:text/x-vcard
ADDED from src/main/AndroidManifest.xml:229:13-239:29
	android:label
		ADDED from src/main/AndroidManifest.xml:230:17-59
action#android.intent.action.SEND
ADDED from src/main/AndroidManifest.xml:231:17-69
	android:name
		ADDED from src/main/AndroidManifest.xml:231:25-66
intent-filter#action:name:android.intent.action.SEND_MULTIPLE+category:name:android.intent.category.DEFAULT+data:mimeType:image/*
ADDED from src/main/AndroidManifest.xml:240:13-245:29
	android:label
		ADDED from src/main/AndroidManifest.xml:241:21-63
action#android.intent.action.SEND_MULTIPLE
ADDED from src/main/AndroidManifest.xml:242:17-78
	android:name
		ADDED from src/main/AndroidManifest.xml:242:25-75
activity#com.android.messaging.ui.conversationsettings.PeopleAndOptionsActivity
ADDED from src/main/AndroidManifest.xml:249:9-259:20
	android:screenOrientation
		ADDED from src/main/AndroidManifest.xml:252:13-45
	android:parentActivityName
		ADDED from src/main/AndroidManifest.xml:255:13-100
	android:label
		ADDED from src/main/AndroidManifest.xml:253:13-70
	android:configChanges
		ADDED from src/main/AndroidManifest.xml:251:13-74
	android:theme
		ADDED from src/main/AndroidManifest.xml:254:13-46
	android:name
		ADDED from src/main/AndroidManifest.xml:250:13-77
activity#com.android.messaging.ui.LicenseActivity
ADDED from src/main/AndroidManifest.xml:262:9-266:20
	android:label
		ADDED from src/main/AndroidManifest.xml:265:13-49
	android:exported
		ADDED from src/main/AndroidManifest.xml:263:13-36
	android:theme
		ADDED from src/main/AndroidManifest.xml:264:13-67
	android:name
		ADDED from src/main/AndroidManifest.xml:262:19-53
activity#com.android.messaging.ui.conversationlist.ForwardMessageActivity
ADDED from src/main/AndroidManifest.xml:269:9-275:20
	android:screenOrientation
		ADDED from src/main/AndroidManifest.xml:272:13-45
	android:label
		ADDED from src/main/AndroidManifest.xml:273:13-67
	android:configChanges
		ADDED from src/main/AndroidManifest.xml:271:13-74
	android:theme
		ADDED from src/main/AndroidManifest.xml:274:13-61
	android:name
		ADDED from src/main/AndroidManifest.xml:270:13-71
activity#com.android.messaging.ui.RemoteInputEntrypointActivity
ADDED from src/main/AndroidManifest.xml:282:9-288:20
	android:screenOrientation
		ADDED from src/main/AndroidManifest.xml:285:13-45
	android:exported
		ADDED from src/main/AndroidManifest.xml:286:13-37
	android:configChanges
		ADDED from src/main/AndroidManifest.xml:284:13-74
	android:theme
		ADDED from src/main/AndroidManifest.xml:287:13-45
	android:name
		ADDED from src/main/AndroidManifest.xml:283:13-61
activity#com.android.messaging.ui.VCardDetailActivity
ADDED from src/main/AndroidManifest.xml:291:9-300:20
	android:screenOrientation
		ADDED from src/main/AndroidManifest.xml:294:13-45
	android:label
		ADDED from src/main/AndroidManifest.xml:295:13-64
	android:configChanges
		ADDED from src/main/AndroidManifest.xml:293:13-74
	android:theme
		ADDED from src/main/AndroidManifest.xml:296:13-46
	android:name
		ADDED from src/main/AndroidManifest.xml:292:13-51
activity#com.android.messaging.ui.attachmentchooser.AttachmentChooserActivity
ADDED from src/main/AndroidManifest.xml:303:9-313:20
	android:screenOrientation
		ADDED from src/main/AndroidManifest.xml:306:13-45
	android:parentActivityName
		ADDED from src/main/AndroidManifest.xml:309:13-100
	android:label
		ADDED from src/main/AndroidManifest.xml:307:13-70
	android:configChanges
		ADDED from src/main/AndroidManifest.xml:305:13-74
	android:theme
		ADDED from src/main/AndroidManifest.xml:308:13-46
	android:name
		ADDED from src/main/AndroidManifest.xml:304:13-75
activity#com.android.messaging.ui.TestActivity
ADDED from src/main/AndroidManifest.xml:319:9-322:20
	android:configChanges
		ADDED from src/main/AndroidManifest.xml:321:13-74
	android:name
		ADDED from src/main/AndroidManifest.xml:320:13-44
activity#com.android.messaging.ui.debug.DebugMmsConfigActivity
ADDED from src/main/AndroidManifest.xml:324:9-330:20
	android:screenOrientation
		ADDED from src/main/AndroidManifest.xml:327:13-45
	android:exported
		ADDED from src/main/AndroidManifest.xml:329:13-37
	android:configChanges
		ADDED from src/main/AndroidManifest.xml:326:13-74
	android:theme
		ADDED from src/main/AndroidManifest.xml:328:13-61
	android:name
		ADDED from src/main/AndroidManifest.xml:325:13-60
provider#com.android.messaging.datamodel.MessagingContentProvider
ADDED from src/main/AndroidManifest.xml:332:9-335:20
	android:authorities
		ADDED from src/main/AndroidManifest.xml:333:19-97
	android:label
		ADDED from src/main/AndroidManifest.xml:332:70-102
	android:exported
		ADDED from src/main/AndroidManifest.xml:334:19-43
	android:name
		ADDED from src/main/AndroidManifest.xml:332:19-69
provider#com.android.messaging.datamodel.MmsFileProvider
ADDED from src/main/AndroidManifest.xml:337:9-340:46
	android:grantUriPermissions
		ADDED from src/main/AndroidManifest.xml:339:19-53
	android:authorities
		ADDED from src/main/AndroidManifest.xml:338:19-88
	android:exported
		ADDED from src/main/AndroidManifest.xml:340:19-43
	android:name
		ADDED from src/main/AndroidManifest.xml:337:19-60
provider#com.android.messaging.datamodel.MediaScratchFileProvider
ADDED from src/main/AndroidManifest.xml:342:9-345:46
	android:grantUriPermissions
		ADDED from src/main/AndroidManifest.xml:344:19-53
	android:authorities
		ADDED from src/main/AndroidManifest.xml:343:19-97
	android:exported
		ADDED from src/main/AndroidManifest.xml:345:19-43
	android:name
		ADDED from src/main/AndroidManifest.xml:342:19-69
service#com.android.messaging.datamodel.action.ActionServiceImpl
ADDED from src/main/AndroidManifest.xml:349:9-70
	android:name
		ADDED from src/main/AndroidManifest.xml:349:18-68
service#com.android.messaging.datamodel.action.BackgroundWorkerService
ADDED from src/main/AndroidManifest.xml:350:9-76
	android:name
		ADDED from src/main/AndroidManifest.xml:350:18-74
receiver#com.android.messaging.receiver.MmsWapPushReceiver
ADDED from src/main/AndroidManifest.xml:356:9-363:20
	android:enabled
		ADDED from src/main/AndroidManifest.xml:357:19-42
	android:permission
		ADDED from src/main/AndroidManifest.xml:358:19-77
	android:name
		ADDED from src/main/AndroidManifest.xml:356:19-62
intent-filter#action:name:android.provider.Telephony.WAP_PUSH_RECEIVED+data:mimeType:application/vnd.wap.mms-message
ADDED from src/main/AndroidManifest.xml:359:13-362:29
	android:priority
		ADDED from src/main/AndroidManifest.xml:359:28-57
action#android.provider.Telephony.WAP_PUSH_RECEIVED
ADDED from src/main/AndroidManifest.xml:360:17-87
	android:name
		ADDED from src/main/AndroidManifest.xml:360:25-84
receiver#com.android.messaging.receiver.SmsReceiver
ADDED from src/main/AndroidManifest.xml:364:9-373:20
	android:enabled
		ADDED from src/main/AndroidManifest.xml:365:19-42
	android:permission
		ADDED from src/main/AndroidManifest.xml:366:19-72
	android:name
		ADDED from src/main/AndroidManifest.xml:364:19-55
intent-filter#action:name:android.provider.Telephony.SMS_RECEIVED
ADDED from src/main/AndroidManifest.xml:367:13-369:29
	android:priority
		ADDED from src/main/AndroidManifest.xml:367:28-57
action#android.provider.Telephony.SMS_RECEIVED
ADDED from src/main/AndroidManifest.xml:368:17-82
	android:name
		ADDED from src/main/AndroidManifest.xml:368:25-79
intent-filter#action:name:android.provider.Telephony.MMS_DOWNLOADED
ADDED from src/main/AndroidManifest.xml:370:13-372:29
	android:priority
		ADDED from src/main/AndroidManifest.xml:370:28-57
action#android.provider.Telephony.MMS_DOWNLOADED
ADDED from src/main/AndroidManifest.xml:371:17-84
	android:name
		ADDED from src/main/AndroidManifest.xml:371:25-81
receiver#com.android.messaging.receiver.AbortMmsWapPushReceiver
ADDED from src/main/AndroidManifest.xml:377:9-384:20
	android:enabled
		ADDED from src/main/AndroidManifest.xml:378:19-42
	android:permission
		ADDED from src/main/AndroidManifest.xml:379:19-77
	android:name
		ADDED from src/main/AndroidManifest.xml:377:19-67
receiver#com.android.messaging.receiver.AbortSmsReceiver
ADDED from src/main/AndroidManifest.xml:385:9-391:20
	android:enabled
		ADDED from src/main/AndroidManifest.xml:386:19-42
	android:permission
		ADDED from src/main/AndroidManifest.xml:387:19-72
	android:name
		ADDED from src/main/AndroidManifest.xml:385:19-60
receiver#com.android.messaging.receiver.MmsWapPushDeliverReceiver
ADDED from src/main/AndroidManifest.xml:394:9-400:20
	android:permission
		ADDED from src/main/AndroidManifest.xml:395:19-77
	android:name
		ADDED from src/main/AndroidManifest.xml:394:19-69
intent-filter#action:name:android.provider.Telephony.WAP_PUSH_DELIVER+data:mimeType:application/vnd.wap.mms-message
ADDED from src/main/AndroidManifest.xml:396:13-399:29
action#android.provider.Telephony.WAP_PUSH_DELIVER
ADDED from src/main/AndroidManifest.xml:397:17-86
	android:name
		ADDED from src/main/AndroidManifest.xml:397:25-83
receiver#com.android.messaging.receiver.SmsDeliverReceiver
ADDED from src/main/AndroidManifest.xml:401:9-406:20
	android:permission
		ADDED from src/main/AndroidManifest.xml:402:19-72
	android:name
		ADDED from src/main/AndroidManifest.xml:401:19-62
intent-filter#action:name:android.provider.Telephony.SMS_DELIVER
ADDED from src/main/AndroidManifest.xml:403:13-405:29
action#android.provider.Telephony.SMS_DELIVER
ADDED from src/main/AndroidManifest.xml:404:17-81
	android:name
		ADDED from src/main/AndroidManifest.xml:404:25-78
receiver#com.android.messaging.receiver.SendStatusReceiver
ADDED from src/main/AndroidManifest.xml:408:9-425:20
	android:exported
		ADDED from src/main/AndroidManifest.xml:409:17-41
	android:name
		ADDED from src/main/AndroidManifest.xml:408:19-62
intent-filter#action:name:com.android.messaging.receiver.SendStatusReceiver.MESSAGE_SENT+data:scheme:content
ADDED from src/main/AndroidManifest.xml:410:13-413:29
action#com.android.messaging.receiver.SendStatusReceiver.MESSAGE_SENT
ADDED from src/main/AndroidManifest.xml:411:17-105
	android:name
		ADDED from src/main/AndroidManifest.xml:411:25-102
intent-filter#action:name:com.android.messaging.receiver.SendStatusReceiver.MESSAGE_DELIVERED
ADDED from src/main/AndroidManifest.xml:414:13-416:29
action#com.android.messaging.receiver.SendStatusReceiver.MESSAGE_DELIVERED
ADDED from src/main/AndroidManifest.xml:415:17-110
	android:name
		ADDED from src/main/AndroidManifest.xml:415:25-107
intent-filter#action:name:com.android.messaging.receiver.SendStatusReceiver.MMS_SENT+data:scheme:content
ADDED from src/main/AndroidManifest.xml:417:13-420:29
action#com.android.messaging.receiver.SendStatusReceiver.MMS_SENT
ADDED from src/main/AndroidManifest.xml:418:17-101
	android:name
		ADDED from src/main/AndroidManifest.xml:418:25-98
intent-filter#action:name:com.android.messaging.receiver.SendStatusReceiver.MMS_DOWNLOADED+data:scheme:content
ADDED from src/main/AndroidManifest.xml:421:13-424:29
action#com.android.messaging.receiver.SendStatusReceiver.MMS_DOWNLOADED
ADDED from src/main/AndroidManifest.xml:422:17-107
	android:name
		ADDED from src/main/AndroidManifest.xml:422:25-104
service#com.android.messaging.datamodel.NoConfirmationSmsSendService
ADDED from src/main/AndroidManifest.xml:427:9-436:19
	android:exported
		ADDED from src/main/AndroidManifest.xml:429:18-41
	android:permission
		ADDED from src/main/AndroidManifest.xml:428:18-82
	android:name